<?xml version="1.0" encoding="UTF-8"?>
<coverage generated="1717629678427" clover="3.2.0">
  <project timestamp="1717629678427" name="All files">
    <metrics statements="4" coveredstatements="1" conditionals="0" coveredconditionals="0" methods="3" coveredmethods="1" elements="7" coveredelements="2" complexity="0" loc="4" ncloc="4" packages="2" files="3" classes="3"/>
    <package name="src">
      <metrics statements="2" coveredstatements="0" conditionals="0" coveredconditionals="0" methods="1" coveredmethods="0"/>
      <file name="App.tsx" path="/home/cabrito/Projects/mikaelhadler/js-vix-landing-page/src/App.tsx">
        <metrics statements="1" coveredstatements="0" conditionals="0" coveredconditionals="0" methods="1" coveredmethods="0"/>
        <line num="2" count="0" type="stmt"/>
      </file>
      <file name="main.tsx" path="/home/cabrito/Projects/mikaelhadler/js-vix-landing-page/src/main.tsx">
        <metrics statements="1" coveredstatements="0" conditionals="0" coveredconditionals="0" methods="0" coveredmethods="0"/>
        <line num="6" count="0" type="stmt"/>
      </file>
    </package>
    <package name="src.components.button">
      <metrics statements="2" coveredstatements="1" conditionals="0" coveredconditionals="0" methods="2" coveredmethods="1"/>
      <file name="Button.tsx" path="/home/cabrito/Projects/mikaelhadler/js-vix-landing-page/src/components/button/Button.tsx">
        <metrics statements="2" coveredstatements="1" conditionals="0" coveredconditionals="0" methods="2" coveredmethods="1"/>
        <line num="2" count="1" type="stmt"/>
        <line num="4" count="0" type="stmt"/>
      </file>
    </package>
  </project>
</coverage>
