{"/home/cabrito/Projects/mikaelhadler/js-vix-landing-page/src/App.tsx": {"path":"/home/cabrito/Projects/mikaelhadler/js-vix-landing-page/src/App.tsx","statementMap":{"0":{"start":{"line":2,"column":2},"end":{"line":6,"column":null}}},"fnMap":{"0":{"name":"App","decl":{"start":{"line":1,"column":9},"end":{"line":1,"column":15}},"loc":{"start":{"line":1,"column":15},"end":{"line":8,"column":null}}}},"branchMap":{},"s":{"0":0},"f":{"0":0},"b":{}}
,"/home/cabrito/Projects/mikaelhadler/js-vix-landing-page/src/main.tsx": {"path":"/home/cabrito/Projects/mikaelhadler/js-vix-landing-page/src/main.tsx","statementMap":{"0":{"start":{"line":6,"column":0},"end":{"line":10,"column":null}}},"fnMap":{},"branchMap":{},"s":{"0":0},"f":{},"b":{}}
,"/home/cabrito/Projects/mikaelhadler/js-vix-landing-page/src/components/button/Button.tsx": {"path":"/home/cabrito/Projects/mikaelhadler/js-vix-landing-page/src/components/button/Button.tsx","statementMap":{"0":{"start":{"line":2,"column":19},"end":{"line":2,"column":null}},"1":{"start":{"line":2,"column":45},"end":{"line":2,"column":null}},"2":{"start":{"line":4,"column":2},"end":{"line":4,"column":null}}},"fnMap":{"0":{"name":"(anonymous_0)","decl":{"start":{"line":2,"column":19},"end":{"line":2,"column":20}},"loc":{"start":{"line":2,"column":45},"end":{"line":2,"column":null}}},"1":{"name":"Button","decl":{"start":{"line":3,"column":9},"end":{"line":3,"column":18}},"loc":{"start":{"line":3,"column":18},"end":{"line":5,"column":null}}}},"branchMap":{},"s":{"0":1,"1":1,"2":0},"f":{"0":1,"1":0},"b":{}}
}
